
> inventory-ai@0.1.0 dev
> next dev -p 12000 -H 0.0.0.0 -p 12000 -H 0.0.0.0

   ▲ Next.js 15.0.3
   - Local:        http://localhost:12000
   - Network:      http://0.0.0.0:12000
   - Environments: .env.local, .env

 ✓ Starting...
 ✓ Ready in 1376ms
 ○ Compiling / ...
 ✓ Compiled / in 4.1s (821 modules)
 GET / 200 in 4440ms
 GET / 200 in 24ms
 GET / 200 in 17ms
 GET / 200 in 16ms
 GET / 200 in 16ms
 GET / 200 in 30ms
 ○ Compiling /api/auth/[...nextauth] ...
 ✓ Compiled /api/auth/[...nextauth] in 1017ms (969 modules)
 GET / 200 in 817ms
 GET / 200 in 265ms
 GET /api/auth/session 200 in 1667ms
 GET /api/auth/session 200 in 25ms
 GET / 200 in 16ms
 GET / 200 in 20ms
 GET / 200 in 18ms
 GET / 200 in 16ms
 GET / 200 in 15ms
 GET / 200 in 20ms
 GET / 200 in 23ms
 GET / 200 in 20ms
 GET / 200 in 18ms
 GET / 200 in 21ms
 GET / 200 in 19ms
 GET / 200 in 17ms
 GET / 200 in 19ms
 GET / 200 in 20ms
 GET / 200 in 18ms
 GET / 200 in 18ms
 GET / 200 in 18ms
 GET / 200 in 20ms
 GET / 200 in 19ms
 GET / 200 in 19ms
 GET / 200 in 13ms
 GET / 200 in 12ms
 GET / 200 in 15ms
 GET / 200 in 13ms
 GET / 200 in 13ms
 GET / 200 in 14ms
 GET / 200 in 13ms
 GET / 200 in 20ms
 GET / 200 in 18ms
 GET / 200 in 17ms
 GET / 200 in 17ms
 GET / 200 in 18ms
 GET / 200 in 16ms
 GET / 200 in 19ms
 GET / 200 in 20ms
 GET / 200 in 17ms
 GET / 200 in 18ms
 GET / 200 in 25ms
 GET / 200 in 25ms
 GET / 200 in 18ms
 GET / 200 in 18ms
 GET / 200 in 18ms
 GET / 200 in 17ms
 GET / 200 in 19ms
 GET / 200 in 18ms
 GET / 200 in 18ms
 GET / 200 in 17ms
 GET / 200 in 17ms
 GET / 200 in 19ms
 GET / 200 in 18ms
 ✓ Compiled in 301ms (397 modules)
 GET / 200 in 19ms
 GET / 200 in 16ms
 GET / 200 in 15ms
 ✓ Compiled in 118ms (397 modules)
 GET / 200 in 12ms
 GET / 200 in 15ms
 GET / 200 in 16ms
 GET / 200 in 14ms
 GET / 200 in 13ms
 GET / 200 in 15ms
 GET / 200 in 14ms
 GET / 200 in 13ms
 ✓ Compiled in 101ms (397 modules)
 GET / 200 in 14ms
 GET / 200 in 14ms
 GET / 200 in 16ms
 GET / 200 in 14ms
 ✓ Compiled in 94ms (397 modules)
 GET / 200 in 14ms
 GET / 200 in 17ms
 GET / 200 in 16ms
 GET / 200 in 16ms
 GET / 200 in 14ms
 GET / 200 in 13ms
 GET / 200 in 16ms
 GET / 200 in 20ms
 GET / 200 in 14ms
 GET / 200 in 18ms
 GET / 200 in 16ms
 GET / 200 in 16ms
 GET / 200 in 18ms
 ✓ Compiled in 101ms (397 modules)
 GET / 200 in 13ms
 GET / 200 in 18ms
 GET / 200 in 14ms
 GET / 200 in 13ms
 ✓ Compiled in 98ms (397 modules)
 GET / 200 in 19ms
 GET / 200 in 13ms
 GET / 200 in 15ms
 ✓ Compiled in 120ms (397 modules)
 GET / 200 in 66ms
 GET / 200 in 14ms
 GET / 200 in 13ms
 ✓ Compiled in 97ms (397 modules)
 GET / 200 in 16ms
 GET / 200 in 15ms
 GET / 200 in 24ms
 ✓ Compiled in 85ms (397 modules)
 GET / 200 in 12ms
 GET / 200 in 13ms
 GET / 200 in 19ms
 ✓ Compiled in 133ms (397 modules)
 GET / 200 in 16ms
 ✓ Compiled in 117ms (397 modules)
 GET / 200 in 16ms
 ✓ Compiled in 109ms (397 modules)
 GET / 200 in 15ms
 ✓ Compiled in 145ms (397 modules)
 GET / 200 in 24ms
 GET / 200 in 11ms
 ✓ Compiled in 102ms (397 modules)
 GET / 200 in 16ms
 GET / 200 in 13ms
